<?xml version="1.0" encoding="UTF-8"?>
<testsuite name="com.mytransport.EasyImportApplicationTests" tests="1" skipped="0" failures="0" errors="0" timestamp="2025-09-29T17:20:48.698Z" hostname="DESKTOP-PC4P3JU" time="0.558">
  <properties/>
  <testcase name="contextLoads()" classname="com.mytransport.EasyImportApplicationTests" time="0.558"/>
  <system-out><![CDATA[20:20:43.006 [Test worker] INFO org.springframework.test.context.support.AnnotationConfigContextLoaderUtils -- Could not detect default configuration classes for test class [com.mytransport.EasyImportApplicationTests]: EasyImportApplicationTests does not declare any static, non-private, non-final, nested classes annotated with @Configuration.
20:20:43.150 [Test worker] INFO org.springframework.boot.test.context.SpringBootTestContextBootstrapper -- Found @SpringBootConfiguration com.mytransport.EasyImportApplication for test class com.mytransport.EasyImportApplicationTests

  .   ____          _            __ _ _
 /\\ / ___'_ __ _ _(_)_ __  __ _ \ \ \ \
( ( )\___ | '_ | '_| | '_ \/ _` | \ \ \ \
 \\/  ___)| |_)| | | | | || (_| |  ) ) ) )
  '  |____| .__|_| |_|_| |_\__, | / / / /
 =========|_|==============|___/=/_/_/_/

 :: Spring Boot ::                (v3.4.4)

2025-09-29T20:20:43.698+03:00  INFO 28872 --- [EasyImport] [    Test worker] c.m.EasyImportApplicationTests           : Starting EasyImportApplicationTests using Java 17.0.11 with PID 28872 (started by bojidar in F:\EasyImport)
2025-09-29T20:20:43.699+03:00  INFO 28872 --- [EasyImport] [    Test worker] c.m.EasyImportApplicationTests           : The following 1 profile is active: "test"
2025-09-29T20:20:44.504+03:00  INFO 28872 --- [EasyImport] [    Test worker] .s.d.r.c.RepositoryConfigurationDelegate : Bootstrapping Spring Data JPA repositories in DEFAULT mode.
2025-09-29T20:20:44.567+03:00  INFO 28872 --- [EasyImport] [    Test worker] .s.d.r.c.RepositoryConfigurationDelegate : Finished Spring Data repository scanning in 52 ms. Found 3 JPA repository interfaces.
2025-09-29T20:20:45.097+03:00  INFO 28872 --- [EasyImport] [    Test worker] o.hibernate.jpa.internal.util.LogHelper  : HHH000204: Processing PersistenceUnitInfo [name: default]
2025-09-29T20:20:45.157+03:00  INFO 28872 --- [EasyImport] [    Test worker] org.hibernate.Version                    : HHH000412: Hibernate ORM core version 6.6.11.Final
2025-09-29T20:20:45.209+03:00  INFO 28872 --- [EasyImport] [    Test worker] o.h.c.internal.RegionFactoryInitiator    : HHH000026: Second-level cache disabled
2025-09-29T20:20:45.547+03:00  INFO 28872 --- [EasyImport] [    Test worker] o.s.o.j.p.SpringPersistenceUnitInfo      : No LoadTimeWeaver setup: ignoring JPA class transformer
2025-09-29T20:20:45.581+03:00  INFO 28872 --- [EasyImport] [    Test worker] com.zaxxer.hikari.HikariDataSource       : HikariPool-1 - Starting...
2025-09-29T20:20:45.742+03:00  INFO 28872 --- [EasyImport] [    Test worker] com.zaxxer.hikari.pool.HikariPool        : HikariPool-1 - Added connection conn0: url=jdbc:h2:mem:testdb user=SA
2025-09-29T20:20:45.744+03:00  INFO 28872 --- [EasyImport] [    Test worker] com.zaxxer.hikari.HikariDataSource       : HikariPool-1 - Start completed.
2025-09-29T20:20:45.765+03:00  WARN 28872 --- [EasyImport] [    Test worker] org.hibernate.orm.deprecation            : HHH90000025: H2Dialect does not need to be specified explicitly using 'hibernate.dialect' (remove the property setting and it will be selected by default)
2025-09-29T20:20:45.786+03:00  INFO 28872 --- [EasyImport] [    Test worker] org.hibernate.orm.connections.pooling    : HHH10001005: Database info:
	Database JDBC URL [Connecting through datasource 'HikariDataSource (HikariPool-1)']
	Database driver: undefined/unknown
	Database version: 2.3.232
	Autocommit mode: undefined/unknown
	Isolation level: undefined/unknown
	Minimum pool size: undefined/unknown
	Maximum pool size: undefined/unknown
2025-09-29T20:20:46.560+03:00  INFO 28872 --- [EasyImport] [    Test worker] o.h.e.t.j.p.i.JtaPlatformInitiator       : HHH000489: No JTA platform available (set 'hibernate.transaction.jta.platform' to enable JTA platform integration)
2025-09-29T20:20:46.591+03:00  INFO 28872 --- [EasyImport] [    Test worker] j.LocalContainerEntityManagerFactoryBean : Initialized JPA EntityManagerFactory for persistence unit 'default'
2025-09-29T20:20:46.921+03:00  WARN 28872 --- [EasyImport] [    Test worker] JpaBaseConfiguration$JpaWebConfiguration : spring.jpa.open-in-view is enabled by default. Therefore, database queries may be performed during view rendering. Explicitly configure spring.jpa.open-in-view to disable this warning
2025-09-29T20:20:46.955+03:00  WARN 28872 --- [EasyImport] [    Test worker] .s.s.UserDetailsServiceAutoConfiguration : 

Using generated security password: aabdfa58-f4c1-4023-a871-98bad3af32b9

This generated password is for development use only. Your security configuration must be updated before running your application in production.

2025-09-29T20:20:46.983+03:00  INFO 28872 --- [EasyImport] [    Test worker] r$InitializeUserDetailsManagerConfigurer : Global AuthenticationManager configured with UserDetailsService bean with name inMemoryUserDetailsManager
2025-09-29T20:20:47.073+03:00  INFO 28872 --- [EasyImport] [    Test worker] o.s.b.a.w.s.WelcomePageHandlerMapping    : Adding welcome page template: index
2025-09-29T20:20:47.762+03:00  INFO 28872 --- [EasyImport] [    Test worker] c.m.EasyImportApplicationTests           : Started EasyImportApplicationTests in 4.415 seconds (process running for 5.755)
]]></system-out>
  <system-err><![CDATA[]]></system-err>
</testsuite>
